current directory: /home/sarah/Documents/ruby-getting-started/''/gems/prism-0.17.1/ext/prism
/home/sarah/.asdf/installs/ruby/3.0.4/bin/ruby -I /home/sarah/.asdf/installs/ruby/3.0.4/lib/ruby/3.0.0 -r ./siteconf20231108-44964-u87n0j.rb extconf.rb
checking for whether -fvisibility=hidden is accepted as CFLAGS... yes
compiling build/static/node.o
compiling build/static/prettyprint.o
compiling build/static/pack.o
compiling build/static/enc/pm_gbk.o
compiling build/static/enc/pm_shift_jis.o
compiling build/static/enc/pm_unicode.o
compiling build/static/enc/pm_big5.o
compiling build/static/enc/pm_tables.o
compiling build/static/enc/pm_euc_jp.o
compiling build/static/enc/pm_windows_31j.o
compiling build/static/serialize.o
compiling build/static/diagnostic.o
compiling build/static/options.o
compiling build/static/util/pm_strncasecmp.o
compiling build/static/util/pm_state_stack.o
compiling build/static/util/pm_char.o
compiling build/static/util/pm_constant_pool.o
compiling build/static/util/pm_buffer.o
compiling build/static/util/pm_newline_list.o
compiling build/static/util/pm_string_list.o
compiling build/static/util/pm_list.o
compiling build/static/util/pm_string.o
compiling build/static/util/pm_memchr.o
compiling build/static/util/pm_strpbrk.o
compiling build/static/token_type.o
compiling build/static/regexp.o
compiling build/static/prism.o
building build/librubyparser.a
ar: creating build/librubyparser.a
checking for prism.h in /home/sarah/Documents/ruby-getting-started/''/gems/prism-0.17.1/include... no
*** extconf.rb failed ***
Could not create Makefile due to some reason, probably lack of necessary
libraries and/or headers.  Check the mkmf.log file for more details.  You may
need configuration options.

Provided configuration options:
	--with-opt-dir
	--without-opt-dir
	--with-opt-include
	--without-opt-include=${opt-dir}/include
	--with-opt-lib
	--without-opt-lib=${opt-dir}/lib
	--with-make-prog
	--without-make-prog
	--srcdir=.
	--curdir
	--ruby=/home/sarah/.asdf/installs/ruby/3.0.4/bin/$(RUBY_BASE_NAME)
	--enable-debug-mode-build
	--disable-debug-mode-build
	--enable-static
	--disable-static
extconf.rb:55:in `configure_rubyparser': prism.h is required (RuntimeError)
	from extconf.rb:20:in `configure'
	from extconf.rb:136:in `<main>'

To see why this extension failed to compile, please check the mkmf.log which can be found here:

  /home/sarah/Documents/ruby-getting-started/''/extensions/x86_64-linux/3.0.0/prism-0.17.1/mkmf.log

extconf failed, exit code 1
